2022-01-13 11:44:48,255:INFO:PyCaret TimeSeriesExperiment
2022-01-13 11:44:48,256:INFO:Logging name: ts-default-name
2022-01-13 11:44:48,256:INFO:ML Usecase: MLUsecase.TIME_SERIES
2022-01-13 11:44:48,256:INFO:version 3.0.0
2022-01-13 11:44:48,256:INFO:Initializing setup()
2022-01-13 11:44:48,256:INFO:setup(self=<pycaret.internal.pycaret_experiment.time_series_experiment.TimeSeriesExperiment object at 0x7f6bf2816e20>, target=Number of airline passengers, train_size=0.7, test_data=None, preprocess=True, imputation_type=simple, iterative_imputation_iters=5, categorical_features=None, categorical_imputation=mode, categorical_iterative_imputer=lightgbm, ordinal_features=None, high_cardinality_features=None, high_cardinality_method=frequency, numeric_features=None, numeric_imputation=mean, numeric_iterative_imputer=lightgbm, date_features=None, ignore_features=None, normalize=False, normalize_method=zscore, transformation=False, transformation_method=yeo-johnson, handle_unknown_categorical=False, unknown_categorical_method=least_frequent, pca=False, pca_method=linear, pca_components=None, ignore_low_variance=False, combine_rare_levels=False, rare_level_threshold=0.1, bin_numeric_features=None, remove_outliers=False, outliers_threshold=0.05, remove_multicollinearity=False, multicollinearity_threshold=0.9, remove_perfect_collinearity=False, create_clusters=False, cluster_iter=20, polynomial_features=False, polynomial_degree=2, trigonometry_features=False, polynomial_threshold=0.1, group_features=None, group_names=None, feature_selection=False, feature_selection_threshold=0.8, feature_selection_method=classic, feature_interaction=False, feature_ratio=False, interaction_threshold=0.01, fix_imbalance=False, fix_imbalance_method=None, transform_target=False, transform_target_method=box-cox, data_split_shuffle=False, data_split_stratify=False, fold_strategy=expanding, fold=3, fh=[ 1  2  3  4  5  6  7  8  9 10 11 12], fold_shuffle=False, fold_groups=None, n_jobs=-1, use_gpu=False, custom_pipeline=None, html=True, session_id=None, system_log=True, log_experiment=False, experiment_name=None, log_plots=False, log_profile=False, log_data=False, silent=True, seasonal_period=None, verbose=True, profile=False, profile_kwargs=None, display=None)
2022-01-13 11:44:48,257:INFO:Checking environment
2022-01-13 11:44:48,257:INFO:python_version: 3.9.7
2022-01-13 11:44:48,257:INFO:python_build: ('default', 'Sep 29 2021 19:20:46')
2022-01-13 11:44:48,258:INFO:machine: x86_64
2022-01-13 11:44:48,258:INFO:platform: Linux-5.10.60.1-microsoft-standard-WSL2-x86_64-with-glibc2.31
2022-01-13 11:44:48,258:INFO:Memory: svmem(total=20054257664, available=17924849664, percent=10.6, used=1380225024, free=14670307328, active=852074496, inactive=4044967936, buffers=146747392, cached=3856977920, shared=383750144, slab=385404928)
2022-01-13 11:44:48,260:INFO:Physical Core: 4
2022-01-13 11:44:48,261:INFO:Logical Core: 4
2022-01-13 11:44:48,261:INFO:Checking libraries
2022-01-13 11:44:48,261:INFO:pd==1.3.5
2022-01-13 11:44:48,261:INFO:numpy==1.19.5
2022-01-13 11:44:48,261:INFO:sklearn==0.24.2
2022-01-13 11:44:48,261:INFO:lightgbm==3.3.2
2022-01-13 11:44:48,261:WARNING:xgboost not found
2022-01-13 11:44:48,262:WARNING:catboost not found
2022-01-13 11:44:48,680:INFO:mlflow==1.22.0
2022-01-13 11:44:48,680:INFO:Checking Exceptions
2022-01-13 11:44:48,680:INFO:Declaring global variables
2022-01-13 11:44:48,680:INFO:self.USI: 6e14
2022-01-13 11:44:48,680:INFO:self.variable_keys: {'gpu_param', 'variable_keys', 'seed', 'strictly_positive', 'fold_groups_param_full', 'USI', 'prep_pipe', 'master_model_container', 'y_test', 'exp_id', 'y_train', 'fold_param', 'X', 'log_plots_param', 'exp_name_log', '_all_models', 'data_before_preprocess', 'enforce_pi', 'seasonal_period', '_internal_pipeline', 'seasonality_present', '_all_metrics', 'html_param', '_gpu_n_jobs_param', 'experiment__', 'n_jobs_param', '_available_plots', 'X_train', 'logging_param', 'X_test', '_all_models_internal', 'fold_generator', 'display_container', 'fh', 'y', 'sp_to_use', '_ml_usecase'}
2022-01-13 11:44:48,681:INFO:Preparing display monitor
2022-01-13 11:44:48,681:INFO:Preparing display monitor
2022-01-13 11:44:48,706:INFO:Importing libraries
2022-01-13 11:44:48,706:INFO:Copying data for preprocessing
2022-01-13 11:44:48,731:INFO:Declaring preprocessing parameters
2022-01-13 11:44:48,732:INFO:Creating preprocessing pipeline
2022-01-13 11:44:48,746:INFO:Preprocessing pipeline created successfully
2022-01-13 11:44:48,746:ERROR:(Process Exit): setup has been interupted with user command 'quit'. setup must rerun.
2022-01-13 11:44:48,746:INFO:Creating global containers
2022-01-13 11:44:48,748:INFO:Internal pipeline: Pipeline(memory=None, steps=[('empty_step', 'passthrough')], verbose=False)
2022-01-13 11:44:48,995:WARNING:Couldn't import sktime.forecasting.fbprophet
2022-01-13 11:44:49,003:WARNING:Couldn't import xgboost.XGBRegressor
2022-01-13 11:44:49,004:WARNING:Couldn't import xgboost.XGBRegressor
2022-01-13 11:44:49,006:WARNING:Couldn't import catboost.CatBoostRegressor
2022-01-13 11:44:49,007:WARNING:Couldn't import catboost.CatBoostRegressor
2022-01-13 11:44:49,009:WARNING:Couldn't import sktime.forecasting.fbprophet
2022-01-13 11:44:49,012:WARNING:Couldn't import xgboost.XGBRegressor
2022-01-13 11:44:49,013:WARNING:Couldn't import xgboost.XGBRegressor
2022-01-13 11:44:49,013:WARNING:Couldn't import catboost.CatBoostRegressor
2022-01-13 11:44:49,014:WARNING:Couldn't import catboost.CatBoostRegressor
2022-01-13 11:44:49,014:INFO:Creating grid variables
2022-01-13 11:44:49,247:INFO:self.master_model_container: 0
2022-01-13 11:44:49,255:INFO:self.display_container: 1
2022-01-13 11:44:49,265:INFO:Pipeline(memory=None,
         steps=[('dtypes',
                 DataTypes_Auto_infer(categorical_features=[],
                                      display_types=False, features_todrop=[],
                                      float_dtype='float64', id_columns=[],
                                      ml_usecase='regression',
                                      numerical_features=[],
                                      target='Number of airline passengers',
                                      time_features=[])),
                ('imputer',
                 Simple_Imputer(categorical_strategy='most frequent',
                                fill_value_categorical='not_av...
                ('scaling', 'passthrough'), ('P_transform', 'passthrough'),
                ('binn', 'passthrough'), ('rem_outliers', 'passthrough'),
                ('cluster_all', 'passthrough'),
                ('dummy', Dummify(target='Number of airline passengers')),
                ('fix_perfect', 'passthrough'),
                ('clean_names', Clean_Colum_Names()),
                ('feature_select', 'passthrough'), ('fix_multi', 'passthrough'),
                ('dfs', 'passthrough'), ('pca', 'passthrough')],
         verbose=False)
2022-01-13 11:44:49,265:INFO:setup() successfully completed......................................
2022-01-13 11:44:49,453:INFO:gpu_param set to False
2022-01-13 11:44:49,455:WARNING:Couldn't import sktime.forecasting.fbprophet
2022-01-13 11:44:49,458:WARNING:Couldn't import xgboost.XGBRegressor
2022-01-13 11:44:49,458:WARNING:Couldn't import xgboost.XGBRegressor
2022-01-13 11:44:49,459:WARNING:Couldn't import catboost.CatBoostRegressor
2022-01-13 11:44:49,459:WARNING:Couldn't import catboost.CatBoostRegressor
2022-01-13 11:44:49,461:WARNING:Couldn't import sktime.forecasting.fbprophet
2022-01-13 11:44:49,463:WARNING:Couldn't import xgboost.XGBRegressor
2022-01-13 11:44:49,463:WARNING:Couldn't import xgboost.XGBRegressor
2022-01-13 11:44:49,464:WARNING:Couldn't import catboost.CatBoostRegressor
2022-01-13 11:44:49,465:WARNING:Couldn't import catboost.CatBoostRegressor
